src/components/pos/CheckoutModal.tsx(9,1): error TS6192: All imports in import declaration are unused.
src/components/tables/OrderItemModal.tsx(9,3): error TS6133: 'ChevronRight' is declared but its value is never read.
src/components/tables/OrderItemModal.tsx(77,16): error TS6133: 'errors' is declared but its value is never read.
